<?xml version="1.0" encoding="UTF-8"?>
<!-- Generated by org.testng.reporters.JUnitXMLReporter -->
<testsuite hostname="DESKTOP-P7QLHB2" failures="3" tests="4" name="Nopackage" time="1.105" errors="0" timestamp="2 Sep 2022 12:10:36 GMT">
  <testcase classname="com.hrms.testscripts.Exp_WD_TestNG" name="@BeforeClass startUp" time="0.0">
    <failure type="java.lang.IllegalStateException" message="The driver executable must exist: C:\webdrivers\chromedriver\version-102\chromedriver_win32\chromedriver.exe">
      <![CDATA[java.lang.IllegalStateException: The driver executable must exist: C:\webdrivers\chromedriver\version-102\chromedriver_win32\chromedriver.exe
	at org.openqa.selenium.internal.Require$FileStateChecker.isFile(Require.java:342)
	at org.openqa.selenium.remote.service.DriverService.checkExecutable(DriverService.java:147)
	at org.openqa.selenium.remote.service.DriverService.findExecutable(DriverService.java:142)
	at org.openqa.selenium.chrome.ChromeDriverService.access$000(ChromeDriverService.java:38)
	at org.openqa.selenium.chrome.ChromeDriverService$Builder.findDefaultExecutable(ChromeDriverService.java:231)
	at org.openqa.selenium.remote.service.DriverService$Builder.build(DriverService.java:437)
	at org.openqa.selenium.chrome.ChromeDriverService.createDefaultService(ChromeDriverService.java:127)
	at org.openqa.selenium.chrome.ChromeDriver.<init>(ChromeDriver.java:48)
	at com.hrms.testscripts.Exp_WD_TestNG.startUp(Exp_WD_TestNG.java:16)
... Removed 22 stack frames]]>
    </failure>
  </testcase> <!-- @BeforeClass startUp -->
  <testcase classname="com.hrms.testscripts.Exp_WD_TestNG" name="@AfterClass tearDown" time="0.0">
    <skipped/>
  </testcase> <!-- @AfterClass tearDown -->
  <testcase classname="com.hrms.testscripts.Exp_WD_TestNG" name="tc001" time="0.022">
    <skipped/>
  </testcase> <!-- tc001 -->
  <testcase classname="com.hrms.testscripts.TC_001" name="tc001" time="0.469">
    <failure type="java.lang.IllegalStateException" message="The driver executable must exist: C:\webdrivers\chromedriver\version-102\chromedriver_win32\chromedriver.exe">
      <![CDATA[java.lang.IllegalStateException: The driver executable must exist: C:\webdrivers\chromedriver\version-102\chromedriver_win32\chromedriver.exe
	at org.openqa.selenium.internal.Require$FileStateChecker.isFile(Require.java:342)
	at org.openqa.selenium.remote.service.DriverService.checkExecutable(DriverService.java:147)
	at org.openqa.selenium.remote.service.DriverService.findExecutable(DriverService.java:142)
	at org.openqa.selenium.chrome.ChromeDriverService.access$000(ChromeDriverService.java:38)
	at org.openqa.selenium.chrome.ChromeDriverService$Builder.findDefaultExecutable(ChromeDriverService.java:231)
	at org.openqa.selenium.remote.service.DriverService$Builder.build(DriverService.java:437)
	at org.openqa.selenium.chrome.ChromeDriverService.createDefaultService(ChromeDriverService.java:127)
	at org.openqa.selenium.chrome.ChromeDriver.<init>(ChromeDriver.java:48)
	at com.hrms.lib.General.openApplication(General.java:13)
	at com.hrms.testscripts.TC_001.tc001(TC_001.java:14)
... Removed 22 stack frames]]>
    </failure>
  </testcase> <!-- tc001 -->
  <testcase classname="com.hrms.testscripts.TC_002_AddNewEmp" name="tc002" time="0.019">
    <failure type="java.lang.IllegalStateException" message="The driver executable must exist: C:\webdrivers\chromedriver\version-102\chromedriver_win32\chromedriver.exe">
      <![CDATA[java.lang.IllegalStateException: The driver executable must exist: C:\webdrivers\chromedriver\version-102\chromedriver_win32\chromedriver.exe
	at org.openqa.selenium.internal.Require$FileStateChecker.isFile(Require.java:342)
	at org.openqa.selenium.remote.service.DriverService.checkExecutable(DriverService.java:147)
	at org.openqa.selenium.remote.service.DriverService.findExecutable(DriverService.java:142)
	at org.openqa.selenium.chrome.ChromeDriverService.access$000(ChromeDriverService.java:38)
	at org.openqa.selenium.chrome.ChromeDriverService$Builder.findDefaultExecutable(ChromeDriverService.java:231)
	at org.openqa.selenium.remote.service.DriverService$Builder.build(DriverService.java:437)
	at org.openqa.selenium.chrome.ChromeDriverService.createDefaultService(ChromeDriverService.java:127)
	at org.openqa.selenium.chrome.ChromeDriver.<init>(ChromeDriver.java:48)
	at com.hrms.lib.General.openApplication(General.java:13)
	at com.hrms.testscripts.TC_002_AddNewEmp.tc002(TC_002_AddNewEmp.java:13)
... Removed 22 stack frames]]>
    </failure>
  </testcase> <!-- tc002 -->
  <testcase classname="com.hrms.testscripts.TC_003_EditEmp" name="tc003" time="0.026">
    <failure type="java.lang.IllegalStateException" message="The driver executable must exist: C:\webdrivers\chromedriver\version-102\chromedriver_win32\chromedriver.exe">
      <![CDATA[java.lang.IllegalStateException: The driver executable must exist: C:\webdrivers\chromedriver\version-102\chromedriver_win32\chromedriver.exe
	at org.openqa.selenium.internal.Require$FileStateChecker.isFile(Require.java:342)
	at org.openqa.selenium.remote.service.DriverService.checkExecutable(DriverService.java:147)
	at org.openqa.selenium.remote.service.DriverService.findExecutable(DriverService.java:142)
	at org.openqa.selenium.chrome.ChromeDriverService.access$000(ChromeDriverService.java:38)
	at org.openqa.selenium.chrome.ChromeDriverService$Builder.findDefaultExecutable(ChromeDriverService.java:231)
	at org.openqa.selenium.remote.service.DriverService$Builder.build(DriverService.java:437)
	at org.openqa.selenium.chrome.ChromeDriverService.createDefaultService(ChromeDriverService.java:127)
	at org.openqa.selenium.chrome.ChromeDriver.<init>(ChromeDriver.java:48)
	at com.hrms.lib.General.openApplication(General.java:13)
	at com.hrms.testscripts.TC_003_EditEmp.tc003(TC_003_EditEmp.java:13)
... Removed 22 stack frames]]>
    </failure>
  </testcase> <!-- tc003 -->
</testsuite> <!-- Nopackage -->
